<?xml version="1.0" encoding="UTF-8"?>
<testng-results ignored="0" total="1" passed="1" failed="0" skipped="0">
  <reporter-output>
  </reporter-output>
  <suite started-at="2023-10-24T17:00:51 IST" name="Default suite" finished-at="2023-10-24T17:01:17 IST" duration-ms="26109">
    <groups>
    </groups>
    <test started-at="2023-10-24T17:00:51 IST" name="Default test" finished-at="2023-10-24T17:01:17 IST" duration-ms="26109">
      <class name="com.rough.gam.Sprig">
        <test-method signature="test()[pri:0, instance:com.rough.gam.Sprig@38c6f217]" started-at="2023-10-24T17:00:51 IST" name="test" finished-at="2023-10-24T17:01:17 IST" duration-ms="26026" status="PASS">
          <reporter-output>
          </reporter-output>
        </test-method> <!-- test -->
      </class> <!-- com.rough.gam.Sprig -->
    </test> <!-- Default test -->
  </suite> <!-- Default suite -->
</testng-results>
